<?xml version="1.0" encoding="UTF-8"?>
<coverage generated="1493710960686" clover="3.2.0">
  <project timestamp="1493710960686" name="All files">
    <metrics statements="37" coveredstatements="35" conditionals="24" coveredconditionals="17" methods="16" coveredmethods="16" elements="77" coveredelements="68" complexity="0" loc="37" ncloc="37" packages="1" files="5" classes="5">
      <file name="RoutesProvider.js" path="/Users/cesarenaldi/workspace/react-router-lifecycle/src/RoutesProvider.js">
        <metrics statements="3" coveredstatements="3" conditionals="0" coveredconditionals="0" methods="3" coveredmethods="3"/>
        <line num="20" count="6" type="stmt"/>
        <line num="22" count="2" type="stmt"/>
        <line num="30" count="6" type="stmt"/>
      </file>
      <file name="handleLifecycle.js" path="/Users/cesarenaldi/workspace/react-router-lifecycle/src/handleLifecycle.js">
        <metrics statements="17" coveredstatements="17" conditionals="14" coveredconditionals="10" methods="6" coveredmethods="6"/>
        <line num="5" count="1" type="stmt"/>
        <line num="20" count="2" type="stmt"/>
        <line num="22" count="2" type="cond" truecount="1" falsecount="1"/>
        <line num="23" count="2" type="stmt"/>
        <line num="25" count="2" type="stmt"/>
        <line num="31" count="2" type="stmt"/>
        <line num="32" count="2" type="stmt"/>
        <line num="34" count="2" type="cond" truecount="2" falsecount="0"/>
        <line num="35" count="1" type="cond" truecount="1" falsecount="1"/>
        <line num="36" count="1" type="stmt"/>
        <line num="39" count="2" type="cond" truecount="2" falsecount="0"/>
        <line num="40" count="1" type="cond" truecount="1" falsecount="1"/>
        <line num="41" count="1" type="stmt"/>
        <line num="49" count="1" type="cond" truecount="1" falsecount="1"/>
        <line num="50" count="1" type="stmt"/>
        <line num="55" count="4" type="stmt"/>
        <line num="57" count="4" type="stmt"/>
      </file>
      <file name="index.js" path="/Users/cesarenaldi/workspace/react-router-lifecycle/src/index.js">
        <metrics statements="0" coveredstatements="0" conditionals="0" coveredconditionals="0" methods="0" coveredmethods="0"/>
      </file>
      <file name="initializeRoutes.js" path="/Users/cesarenaldi/workspace/react-router-lifecycle/src/initializeRoutes.js">
        <metrics statements="9" coveredstatements="7" conditionals="4" coveredconditionals="2" methods="4" coveredmethods="4"/>
        <line num="5" count="1" type="stmt"/>
        <line num="7" count="1" type="cond" truecount="1" falsecount="1"/>
        <line num="8" count="0" type="stmt"/>
        <line num="11" count="1" type="stmt"/>
        <line num="14" count="2" type="cond" truecount="1" falsecount="1"/>
        <line num="15" count="2" type="stmt"/>
        <line num="16" count="2" type="stmt"/>
        <line num="19" count="0" type="stmt"/>
        <line num="22" count="1" type="stmt"/>
      </file>
      <file name="updateRoutes.js" path="/Users/cesarenaldi/workspace/react-router-lifecycle/src/updateRoutes.js">
        <metrics statements="8" coveredstatements="8" conditionals="6" coveredconditionals="5" methods="3" coveredmethods="3"/>
        <line num="4" count="9" type="stmt"/>
        <line num="5" count="11" type="cond" truecount="2" falsecount="0"/>
        <line num="6" count="5" type="stmt"/>
        <line num="7" count="6" type="cond" truecount="2" falsecount="0"/>
        <line num="8" count="4" type="stmt"/>
        <line num="16" count="11" type="stmt"/>
        <line num="21" count="5" type="stmt"/>
        <line num="23" count="5" type="stmt"/>
      </file>
    </metrics>
  </project>
</coverage>
