TN:
SF:/Users/cesarenaldi/workspace/react-router-lifecycle/src/RoutesProvider.js
FN:19,(anonymous_0)
FN:21,(anonymous_1)
FN:29,(anonymous_2)
FNF:3
FNH:3
FNDA:6,(anonymous_0)
FNDA:2,(anonymous_1)
FNDA:6,(anonymous_2)
DA:20,6
DA:22,2
DA:30,6
LF:3
LH:3
BRF:0
BRH:0
end_of_record
TN:
SF:/Users/cesarenaldi/workspace/react-router-lifecycle/src/handleLifecycle.js
FN:4,(anonymous_0)
FN:19,(anonymous_1)
FN:24,(anonymous_2)
FN:30,(anonymous_3)
FN:48,(anonymous_4)
FN:54,(anonymous_5)
FNF:6
FNH:6
FNDA:1,(anonymous_0)
FNDA:2,(anonymous_1)
FNDA:2,(anonymous_2)
FNDA:2,(anonymous_3)
FNDA:1,(anonymous_4)
FNDA:4,(anonymous_5)
DA:5,1
DA:20,2
DA:22,2
DA:23,2
DA:25,2
DA:31,2
DA:32,2
DA:34,2
DA:35,1
DA:36,1
DA:39,2
DA:40,1
DA:41,1
DA:49,1
DA:50,1
DA:55,4
DA:57,4
LF:17
LH:17
BRDA:22,0,0,2
BRDA:22,0,1,0
BRDA:34,1,0,1
BRDA:34,1,1,1
BRDA:35,2,0,1
BRDA:35,2,1,0
BRDA:39,3,0,1
BRDA:39,3,1,1
BRDA:40,4,0,1
BRDA:40,4,1,0
BRDA:49,5,0,1
BRDA:49,5,1,0
BRDA:58,6,0,1
BRDA:58,6,1,3
BRF:14
BRH:10
end_of_record
TN:
SF:/Users/cesarenaldi/workspace/react-router-lifecycle/src/index.js
FNF:0
FNH:0
LF:0
LH:0
BRF:0
BRH:0
end_of_record
TN:
SF:/Users/cesarenaldi/workspace/react-router-lifecycle/src/initializeRoutes.js
FN:4,(anonymous_0)
FN:13,(anonymous_1)
FN:15,(anonymous_2)
FN:22,(anonymous_3)
FNF:4
FNH:4
FNDA:1,(anonymous_0)
FNDA:2,(anonymous_1)
FNDA:2,(anonymous_2)
FNDA:1,(anonymous_3)
DA:5,1
DA:7,1
DA:8,0
DA:11,1
DA:14,2
DA:15,2
DA:16,2
DA:19,0
DA:22,1
LF:9
LH:7
BRDA:7,0,0,0
BRDA:7,0,1,1
BRDA:14,1,0,2
BRDA:14,1,1,0
BRF:4
BRH:2
end_of_record
TN:
SF:/Users/cesarenaldi/workspace/react-router-lifecycle/src/updateRoutes.js
FN:3,createUpdateInstructions
FN:4,(anonymous_1)
FN:20,(anonymous_2)
FNF:3
FNH:3
FNDA:9,createUpdateInstructions
FNDA:11,(anonymous_1)
FNDA:5,(anonymous_2)
DA:4,9
DA:5,11
DA:6,5
DA:7,6
DA:8,4
DA:16,11
DA:21,5
DA:23,5
LF:8
LH:8
BRDA:5,0,0,5
BRDA:5,0,1,6
BRDA:7,1,0,4
BRDA:7,1,1,2
BRDA:10,2,0,4
BRDA:10,2,1,0
BRF:6
BRH:5
end_of_record
